<?xml version="1.0" encoding="UTF-8"?>
<testsuite xmlns:xsi="http://www.w3.org/2001/XMLSchema-instance" xsi:noNamespaceSchemaLocation="https://maven.apache.org/surefire/maven-surefire-plugin/xsd/surefire-test-report.xsd" name="tiger.api.testing.review.runner.TestRunner" time="1.998" tests="1" errors="0" skipped="0" failures="1">
  <properties>
[...]
</properties>
  <testcase name="runTest" classname="tiger.api.testing.review.runner.TestRunner" time="1.995">
    <failure message="no features or scenarios found: [classpath:features]" type="org.opentest4j.AssertionFailedError">org.opentest4j.AssertionFailedError: no features or scenarios found: [classpath:features]
</failure>
  </testcase>
</testsuite>