-------------------------------------------------------------------------------
Test set: tiger.api.testing.review.runner.TestRunner
-------------------------------------------------------------------------------
Tests run: 1, Failures: 1, Errors: 0, Skipped: 0, Time elapsed: 1.998 s <<< FAILURE! - in tiger.api.testing.review.runner.TestRunner
runTest  Time elapsed: 1.995 s  <<< FAILURE!
org.opentest4j.AssertionFailedError: no features or scenarios found: [classpath:features]

